1645961794315:exit
1645963715375:help
1645963731900:fr
1645963744736:fr dd
1645963766342:exit
1645963807004:fr rr
1645963929532:fr Санкт
1645963949154:exit
1645963988010:fr -n Санкт
1645964072180:exit
1645964194447:учше
1645964197556:exit
1645964337427:fr Санкт
1645964352286:fr ee
1645964355584:exit
1645964401113:fr ww
1645964409315:fr Мос
1645964431701:exit
1645964458272:help
1645964462731:exit
1645964878365:help
1645964892221:print smm
1645964899490:exit
1645964926613:fr rus
1645964933978:exit
1645965760521:help
1645965770846:exit
1645965983384:help
1645965990437:help fr
1645966579342:exit
1645966592277:fr ee
1645966604372:fr Сан
1645979901703:exit
1645979919655:help
1645979951037:fpr Санкт
1645979968925:fpr а
1645979984108:help
1645979994895:fr Москв
1645980009492:fr
1645980019692:fr Москва
1645980036516:fe Mosco
1645980041663:fe Moscow
1645980050305:help
1645980061268:fpe mos
1645980076699:fregion 78
1645980095622:fphone 812
1645980101740:help
1645980119282:fpop 1000000 1300000
1645980149692:drc Тест 123
1645980167809:dpc Тест 123
1645980224490:drc Тост 11
1645980233540:drc Тест 11
1645980262982:arc Тост 12
1645980270584:arc Тест 12
1645980283590:apc Тест 124
1645980294343:рудз
1645980298170:help
1645980321812:dc Тост
1645980327421:dc Тест
1645980351646:help cc
1645980385450:cc Город City 192312 126 14
1645980425215:dc город
1645980447579:help
1645980463035:fpop cc 124
1645980473244:fpop 12 10000000
1645980486754:exit
1645980967277:cc Город City 1121 343 12
1645980977392:dc Город
1645980988636:exit
